Arguments: 
  /home/emad/.local/share/nvm/v18.16.1/bin/node /home/emad/.local/share/nvm/v18.16.1/bin/yarn

PATH: 
  /home/emad/.cargo/bin:/home/emad/.local/share/nvm/v18.16.1/bin:/usr/local/sbin:/usr/local/bin:/usr/bin:/opt/android-ndk:/usr/bin/site_perl:/usr/bin/vendor_perl:/usr/bin/core_perl

Yarn version: 
  1.22.19

Node version: 
  18.16.1

Platform: 
  linux x64

Trace: 
  Error: getaddrinfo EAI_AGAIN registry.yarnpkg.com
      at GetAddrInfoReqWrap.onlookup [as oncomplete] (node:dns:107:26)

npm manifest: 
  {
    "name": "wc-dp",
    "description": "Webcomponent wc-dp following open-wc recommendations",
    "license": "MIT",
    "author": "wc-dp",
    "version": "0.0.0",
    "type": "module",
    "main": "dist/src/index.js",
    "module": "dist/src/index.js",
    "exports": {
      ".": "./dist/src/index.js",
      "./wc-dp.js": "./dist/src/wc-dp.js"
    },
    "scripts": {
      "analyze": "cem analyze --litelement",
      "start": "tsc && concurrently -k -r \"tsc --watch --preserveWatchOutput\" \"wds\"",
      "build": "tsc && npm run analyze -- --exclude dist",
      "prepublish": "tsc && npm run analyze -- --exclude dist",
      "lint": "eslint --ext .ts,.html . --ignore-path .gitignore && prettier \"**/*.ts\" --check --ignore-path .gitignore",
      "format": "eslint --ext .ts,.html . --fix --ignore-path .gitignore && prettier \"**/*.ts\" --write --ignore-path .gitignore",
      "test": "tsc && wtr --coverage",
      "test:watch": "tsc && concurrently -k -r \"tsc --watch --preserveWatchOutput\" \"wtr --watch\""
    },
    "dependencies": {
      "lit": "^2.0.2"
    },
    "devDependencies": {
      "@custom-elements-manifest/analyzer": "^0.4.17",
      "@open-wc/eslint-config": "^9.2.1",
      "@open-wc/testing": "^3.1.6",
      "@typescript-eslint/eslint-plugin": "^5.48.0",
      "@typescript-eslint/parser": "^5.48.0",
      "@web/dev-server": "^0.1.34",
      "@web/test-runner": "^0.14.0",
      "concurrently": "^5.3.0",
      "eslint": "^8.31.0",
      "eslint-config-prettier": "^8.3.0",
      "husky": "^4.3.8",
      "lint-staged": "^10.5.4",
      "prettier": "^2.4.1",
      "tslib": "^2.3.1",
      "typescript": "^4.5.2"
    },
    "customElements": "custom-elements.json",
    "eslintConfig": {
      "parser": "@typescript-eslint/parser",
      "extends": [
        "@open-wc",
        "prettier"
      ],
      "plugins": [
        "@typescript-eslint"
      ],
      "rules": {
        "no-unused-vars": "off",
        "@typescript-eslint/no-unused-vars": [
          "error"
        ],
        "import/no-unresolved": "off",
        "import/extensions": [
          "error",
          "always",
          {
            "ignorePackages": true
          }
        ]
      }
    },
    "prettier": {
      "singleQuote": true,
      "arrowParens": "avoid"
    },
    "husky": {
      "hooks": {
        "pre-commit": "lint-staged"
      }
    },
    "lint-staged": {
      "*.ts": [
        "eslint --fix",
        "prettier --write"
      ]
    }
  }

yarn manifest: 
  No manifest

Lockfile: 
  No lockfile
